
 Program  MARK  - Survival Rate Estimation with Capture-Recapture Data
 gfortran(dble/PIM2) Vers. 11.1 Nov 2024   7-May-2025 09:20:51    Page  001
  
 - - - - - - - - - - - - - - - - - - - - - - - - - - - - - - - - - - - - - -
 
 Welcome to MARK Tanner on machine TANNERS-LAPTOP in subdirectory 
 "C:\Users\Tanner\OneDrive - Michigan Technological University\PhD\EMR" running file "mark015.inp".
 This version was compiled by GCC version 14.2.0 using the options: 
  -cpp -iprefix C:/tdm-gcc-64/mingw64-14-2/bin/../lib/gcc/
  x86_64-w64-mingw32/14.2.0/ -D_MT -D_REENTRANT -U_REENTRANT -D
  dbleprecision -m64 -march=x86-64 -mtune=generic -mthreads -O3 -std=f2023
  -fimplicit-none -ftree-vectorize
  -ffpe-summary=invalid,zero,overflow,underflow -funroll-loops
  -fno-unsafe-math-optimizations -frounding-math -fsignaling-nans
  -fall-intrinsics -fopenmp

 This problem will use 7 of 8 possible threads.
 Static thread allocation is used.
 INPUT --- proc title ;

 For procedure title CPU Time was 0.001 secs and System Time was 0.001 secs.
 INPUT --- proc chmatrix occasions= 7 groups= 1 etype= POPAN Nodes= 
 INPUT --- 101 ICMeans NoHist hist= 13  ;
 INPUT ---    time interval 1 1 1 1 1 1 ;
 INPUT ---    glabel(1)=Group 1;

      Number of unique encounter histories read was 13.

      Number of individual covariates read was 0.
      Time interval lengths are all equal to 1.

      Data type number is 19
      Data type is POPAN

 For procedure chmatrix CPU Time was 0.001 secs and System Time was 0.001 secs.

Program  MARK  - Survival Rate Estimation with Capture-Recapture Data
 gfortran(dble/PIM2) Vers. 11.1 Nov 2024   7-May-2025 09:20:51    Page  002
 - - - - - - - - - - - - - - - - - - - - - - - - - - - - - - - - - - - - - -
 


 INPUT --- proc estimate link=Parm-Specific NOLOOP varest=2ndPart    ;
 INPUT --- model={ Phi(~1)p(~1)pent(~1)N(~1) };
 INPUT ---    group=1 Phi    rows=1 cols=6 Square ;
 INPUT ---        1 1 1 1 1 1 ;
 INPUT ---    group=1 p    rows=1 cols=7 Square ;
 INPUT ---        2 2 2 2 2 2 2 ;
 INPUT ---    group=1 pent    rows=1 cols=6 Square ;
 INPUT ---        4 5 6 7 8 9 ;
 INPUT ---    group=1 N    rows=1 cols=1 Square ;
 INPUT ---        3 ;
 INPUT ---    design matrix constraints=9 covariates=4;
 INPUT ---        1 0 0 0;
 INPUT ---        0 1 0 0;
 INPUT ---        0 0 0 1;
 INPUT ---        0 0 1 0;
 INPUT ---        0 0 1 0;
 INPUT ---        0 0 1 0;
 INPUT ---        0 0 1 0;
 INPUT ---        0 0 1 0;
 INPUT ---        0 0 1 0;
 INPUT ---    links=9;
 INPUT ---       Logit;
 INPUT ---       Logit;
 INPUT ---       Log;
 INPUT ---       mlogit(1);
 INPUT ---       mlogit(1);
 INPUT ---       mlogit(1);
 INPUT ---       mlogit(1);
 INPUT ---       mlogit(1);
 INPUT ---       mlogit(1);
 INPUT ---       blabel(1)=Phi:(Intercept);
 INPUT ---       blabel(2)=p:(Intercept);
 INPUT ---       blabel(3)=pent:(Intercept);
 INPUT ---       blabel(4)=N:(Intercept);
 INPUT ---       rlabel(1)=Phi g1 a0 t1;
 INPUT ---       rlabel(2)=p g1 a0 t1;
 INPUT ---       rlabel(3)=N g1 a0 t1;
 INPUT ---       rlabel(4)=pent g1 a1 t2;
 INPUT ---       rlabel(5)=pent g1 a2 t3;
 INPUT ---       rlabel(6)=pent g1 a3 t4;
 INPUT ---       rlabel(7)=pent g1 a4 t5;
 INPUT ---       rlabel(8)=pent g1 a5 t6;
 INPUT ---       rlabel(9)=pent g1 a6 t7;
   Model is { Phi(~1)p(~1)pent(~1)N(~1) }

Program  MARK  - Survival Rate Estimation with Capture-Recapture Data
 gfortran(dble/PIM2) Vers. 11.1 Nov 2024   7-May-2025 09:20:51    Page  003
 - - - - - - - - - - - - - - - - - - - - - - - - - - - - - - - - - - - - - -
 

 Link Function Used is PARM-SPECIFIC

 Variance Estimation Procedure Used is 2ndPart 

 M(t+1):
      79

 Group 1 = Group 1

 U(t)+UL(t):
       1    7    7   19   24   12    9

 U(t):
       1    7    7   19   24   12    9

 UL(t):
       0    0    0    0    0    0    0

 Not Released(t):
       0    0    0    0    0    0    0


 -2logL(saturated) = 346.78486     
 Effective Sample Size = 100

 Number of function evaluations was 23 for 4 parameters.
 For numerical optimization, CPU Time was 0.031 secs and System Time was 0.016 secs.
 -2logL { Phi(~1)p(~1)pent(~1)N(~1) } = 165.72784     
 Penalty { Phi(~1)p(~1)pent(~1)N(~1) } = 0.0000000     
 Gradient { Phi(~1)p(~1)pent(~1)N(~1) }:
   0.0000      3.63888E-06  2.41389E-06  2.66392E-06
 Maximum ABS(G) { Phi(~1)p(~1)pent(~1)N(~1) } =  3.63888E-06
 To compute VC matrix, CPU Time was 0.001 secs and System Time was 0.001 secs.
 S Vector { Phi(~1)p(~1)pent(~1)N(~1) }:
   110.6286      9.193682      2.710130     0.9284333    
 To invert VC matrix, CPU Time was 0.001 secs and System Time was 0.001 secs.
 Ratio Threshold = 50.00 Max Gap (1/2) = 12.03 Next Max Gap (1/2) = 12.03
 Gap Method for Num. of Estimated Parameters { Phi(~1)p(~1)pent(~1)N(~1) } = 4          
 Threshold { Phi(~1)p(~1)pent(~1)N(~1) } = 0.7277751E-05           
 Numerical Threshold Method for Num. of Estimated Parameters { Phi(~1)p(~1)pent(~1)N(~1) } = 4          
 Number of Estimated Parameters { Phi(~1)p(~1)pent(~1)N(~1) } = 4          
 DEVIANCE { Phi(~1)p(~1)pent(~1)N(~1) } = -181.05701              
 DEVIANCE Degrees of Freedom { Phi(~1)p(~1)pent(~1)N(~1) } = 9          
 c-hat { Phi(~1)p(~1)pent(~1)N(~1) } = -20.117446              
 AIC { Phi(~1)p(~1)pent(~1)N(~1) } = 173.72784               
 AICc { Phi(~1)p(~1)pent(~1)N(~1) } = 174.14890               
 BIC { Phi(~1)p(~1)pent(~1)N(~1) } = 184.14852               
 Pearson Chisquare { Phi(~1)p(~1)pent(~1)N(~1) } = 100.33366               
 Possible Encounter Histories { Phi(~1)p(~1)pent(~1)N(~1) } = 127          
 Pearson Chisquare df { Phi(~1)p(~1)pent(~1)N(~1) } = 122          
 Pearson chat { Phi(~1)p(~1)pent(~1)N(~1) } = 0.8224070               
 Sum(Observed/Expected) { Phi(~1)p(~1)pent(~1)N(~1) } = 29.933929               
 s-bar { Phi(~1)p(~1)pent(~1)N(~1) } = -0.7703656              
 Fletcher chat { Phi(~1)p(~1)pent(~1)N(~1) } = 3.5813762               

Program  MARK  - Survival Rate Estimation with Capture-Recapture Data
 gfortran(dble/PIM2) Vers. 11.1 Nov 2024   7-May-2025 09:20:51    Page  004
 - - - - - - - - - - - - - - - - - - - - - - - - - - - - - - - - - - - - - -
 
         PARM-SPECIFIC Link Function Parameters of { Phi(~1)p(~1)pent(~1)N(~1) }
                                                              95% Confidence Interval
    Parameter                  Beta         Standard Error     Lower           Upper
 -------------------------  --------------  --------------  --------------  --------------
    1:Phi:(Intercept)        0.5837310       0.4733069      -0.3439504       1.5114125    
    2:p:(Intercept)         -1.0966354       0.4056044      -1.8916200      -0.3016507    
    3:pent:(Intercept)       2.1606205       1.0275732       0.1465770       4.1746639    
    4:N:(Intercept)          4.7279359       0.3455980       4.0505638       5.4053080    


                Real Function Parameters of { Phi(~1)p(~1)pent(~1)N(~1) }
                                                               95% Confidence Interval
     Parameter                Estimate       Standard Error     Lower           Upper
 --------------------------  --------------  --------------  --------------  --------------
     1:Phi g1 a0 t1           0.6419255       0.1087930       0.4148502       0.8192704       
     2:p g1 a0 t1             0.2503709       0.0761260       0.1310599       0.4251540       
     3:N g1 a0 t1             192.06195       39.073986       137.53225       297.39251       
     4:pent g1 a1 t2          0.1635255       0.0031669       0.1574127       0.1698278       
     5:pent g1 a2 t3          0.1635255       0.0031669       0.1574127       0.1698278       
     6:pent g1 a3 t4          0.1635255       0.0031669       0.1574127       0.1698278       
     7:pent g1 a4 t5          0.1635255       0.0031669       0.1574127       0.1698278       
     8:pent g1 a5 t6          0.1635255       0.0031669       0.1574127       0.1698278       
     9:pent g1 a6 t7          0.1635255       0.0031669       0.1574127       0.1698278       


                     Estimates of Derived Parameters

    Gross Birth+Immigration Estimates of { Phi(~1)p(~1)pent(~1)N(~1) }
                                                95% Confidence Interval
 Grp. Occ.     B*-hat        Standard Error      Lower           Upper
 ---- ----   --------------  --------------  --------------  --------------
   1     1    38.880745       7.4085394       26.852405       56.297093    
   1     2    38.880745       7.4085394       26.852405       56.297093    
   1     3    38.880745       7.4085394       26.852405       56.297093    
   1     4    38.880745       7.4085394       26.852405       56.297093    
   1     5    38.880745       7.4085394       26.852405       56.297093    
   1     6    38.880745       7.4085394       26.852405       56.297093    

     Net Birth+Immigration Estimates of { Phi(~1)p(~1)pent(~1)N(~1) }
                                                95% Confidence Interval
 Grp. Occ.     B-hat         Standard Error      Lower           Upper
 ---- ----   --------------  --------------  --------------  --------------
   1     1    31.407030       6.3597428       21.202595       46.522679    
   1     2    31.407030       6.3597428       21.202595       46.522679    
   1     3    31.407030       6.3597428       21.202595       46.522679    
   1     4    31.407030       6.3597428       21.202595       46.522679    
   1     5    31.407030       6.3597428       21.202595       46.522679    
   1     6    31.407030       6.3597428       21.202595       46.522679    

          Population Estimates of { Phi(~1)p(~1)pent(~1)N(~1) }
                                                95% Confidence Interval
 Grp. Occ.     N-hat         Standard Error      Lower           Upper
 ---- ----   --------------  --------------  --------------  --------------
   1     1    3.6197728       3.7921273       0.6699900       19.556644    
   1     2    33.730654       7.3989518       22.054451       51.588545    
   1     3    53.059595       12.816541       33.270585       84.618911    
   1     4    65.467335       17.989261       38.580563       111.09148    
   1     5    73.432179       22.488667       40.833879       132.05419    
   1     6    78.545015       26.161767       41.592880       148.32633    
   1     7    81.827075       29.030367       41.668679       160.68833    

       Gross Population Estimates of { Phi(~1)p(~1)pent(~1)N(~1) }
                                                95% Confidence Interval
 Grp. Occ.     N*-hat        Standard Error      Lower           Upper
 ---- ----   --------------  --------------  --------------  --------------
   1     0    236.90425       45.003628       163.79549       342.64448    

 To compute parameter estimates, CPU Time was 0.001 secs and System Time was 0.001 secs.

Program  MARK  - Survival Rate Estimation with Capture-Recapture Data
 gfortran(dble/PIM2) Vers. 11.1 Nov 2024   7-May-2025 09:20:51    Page  005
 - - - - - - - - - - - - - - - - - - - - - - - - - - - - - - - - - - - - - -
 

 For procedure estimate CPU Time was 0.062 secs and System Time was 0.063 secs.
 INPUT --- proc stop;

 For this job, CPU Time in mins was 0.001 and System Time in mins was 0.001.

     Time Start = 09:20:51.633   Time End = 09:20:51.707

 Wall Clock Time in mins for this job was 0.001.

 Maximum of 20 words used.


          E X E C U T I O N   S U C C E S S F U L
