
 Program  MARK  - Survival Rate Estimation with Capture-Recapture Data
 gfortran(dble/PIM2) Vers. 11.1 Nov 2024   7-May-2025 09:03:19    Page  001
  
 - - - - - - - - - - - - - - - - - - - - - - - - - - - - - - - - - - - - - -
 
 Welcome to MARK Tanner on machine TANNERS-LAPTOP in subdirectory 
 "C:\Users\Tanner\OneDrive - Michigan Technological University\PhD\EMR" running file "mark002.inp".
 This version was compiled by GCC version 14.2.0 using the options: 
  -cpp -iprefix C:/tdm-gcc-64/mingw64-14-2/bin/../lib/gcc/
  x86_64-w64-mingw32/14.2.0/ -D_MT -D_REENTRANT -U_REENTRANT -D
  dbleprecision -m64 -march=x86-64 -mtune=generic -mthreads -O3 -std=f2023
  -fimplicit-none -ftree-vectorize
  -ffpe-summary=invalid,zero,overflow,underflow -funroll-loops
  -fno-unsafe-math-optimizations -frounding-math -fsignaling-nans
  -fall-intrinsics -fopenmp

 This problem will use 7 of 8 possible threads.
 Static thread allocation is used.
 INPUT --- proc title ;

 For procedure title CPU Time was 0.001 secs and System Time was 0.001 secs.
 INPUT --- proc chmatrix occasions= 7 groups= 1 etype= POPAN Nodes= 
 INPUT --- 101 ICMeans NoHist hist= 4 ;
 INPUT ---    time interval 1 1 1 1 1 1 ;
 INPUT ---    glabel(1)=Group 1;

      Number of unique encounter histories read was 4.

      Number of individual covariates read was 0.
      Time interval lengths are all equal to 1.

      Data type number is 19
      Data type is POPAN

 For procedure chmatrix CPU Time was 0.001 secs and System Time was 0.001 secs.

Program  MARK  - Survival Rate Estimation with Capture-Recapture Data
 gfortran(dble/PIM2) Vers. 11.1 Nov 2024   7-May-2025 09:03:19    Page  002
 - - - - - - - - - - - - - - - - - - - - - - - - - - - - - - - - - - - - - -
 


 INPUT --- proc estimate link=Parm-Specific NOLOOP varest=2ndPart    ;
 INPUT --- model={ Phi(~1)p(~time)pent(~time)N(~1) };
 INPUT ---    group=1 Phi    rows=1 cols=6 Square ;
 INPUT ---        1 1 1 1 1 1 ;
 INPUT ---    group=1 p    rows=1 cols=7 Square ;
 INPUT ---        2 3 4 5 6 7 8 ;
 INPUT ---    group=1 pent    rows=1 cols=6 Square ;
 INPUT ---        10 11 12 13 14 15 ;
 INPUT ---    group=1 N    rows=1 cols=1 Square ;
 INPUT ---        9 ;
 INPUT ---    design matrix constraints=15 covariates=15;
 INPUT ---        1 0 0 0 0 0 0 0 0 0 0 0 0 0 0;
 INPUT ---        0 1 0 0 0 0 0 0 0 0 0 0 0 0 0;
 INPUT ---        0 1 1 0 0 0 0 0 0 0 0 0 0 0 0;
 INPUT ---        0 1 0 1 0 0 0 0 0 0 0 0 0 0 0;
 INPUT ---        0 1 0 0 1 0 0 0 0 0 0 0 0 0 0;
 INPUT ---        0 1 0 0 0 1 0 0 0 0 0 0 0 0 0;
 INPUT ---        0 1 0 0 0 0 1 0 0 0 0 0 0 0 0;
 INPUT ---        0 1 0 0 0 0 0 1 0 0 0 0 0 0 0;
 INPUT ---        0 0 0 0 0 0 0 0 0 0 0 0 0 0 1;
 INPUT ---        0 0 0 0 0 0 0 0 1 0 0 0 0 0 0;
 INPUT ---        0 0 0 0 0 0 0 0 1 1 0 0 0 0 0;
 INPUT ---        0 0 0 0 0 0 0 0 1 0 1 0 0 0 0;
 INPUT ---        0 0 0 0 0 0 0 0 1 0 0 1 0 0 0;
 INPUT ---        0 0 0 0 0 0 0 0 1 0 0 0 1 0 0;
 INPUT ---        0 0 0 0 0 0 0 0 1 0 0 0 0 1 0;
 INPUT ---    links=15;
 INPUT ---       Logit;
 INPUT ---       Logit;
 INPUT ---       Logit;
 INPUT ---       Logit;
 INPUT ---       Logit;
 INPUT ---       Logit;
 INPUT ---       Logit;
 INPUT ---       Logit;
 INPUT ---       Log;
 INPUT ---       mlogit(1);
 INPUT ---       mlogit(1);
 INPUT ---       mlogit(1);
 INPUT ---       mlogit(1);
 INPUT ---       mlogit(1);
 INPUT ---       mlogit(1);
 INPUT ---       blabel(1)=Phi:(Intercept);
 INPUT ---       blabel(2)=p:(Intercept);

Program  MARK  - Survival Rate Estimation with Capture-Recapture Data
 gfortran(dble/PIM2) Vers. 11.1 Nov 2024   7-May-2025 09:03:20    Page  003
 - - - - - - - - - - - - - - - - - - - - - - - - - - - - - - - - - - - - - -
 
 INPUT ---       blabel(3)=p:time2;
 INPUT ---       blabel(4)=p:time3;
 INPUT ---       blabel(5)=p:time4;
 INPUT ---       blabel(6)=p:time5;
 INPUT ---       blabel(7)=p:time6;
 INPUT ---       blabel(8)=p:time7;
 INPUT ---       blabel(9)=pent:(Intercept);
 INPUT ---       blabel(10)=pent:time3;
 INPUT ---       blabel(11)=pent:time4;
 INPUT ---       blabel(12)=pent:time5;
 INPUT ---       blabel(13)=pent:time6;
 INPUT ---       blabel(14)=pent:time7;
 INPUT ---       blabel(15)=N:(Intercept);
 INPUT ---       rlabel(1)=Phi g1 a0 t1;
 INPUT ---       rlabel(2)=p g1 a0 t1;
 INPUT ---       rlabel(3)=p g1 a1 t2;
 INPUT ---       rlabel(4)=p g1 a2 t3;
 INPUT ---       rlabel(5)=p g1 a3 t4;
 INPUT ---       rlabel(6)=p g1 a4 t5;
 INPUT ---       rlabel(7)=p g1 a5 t6;
 INPUT ---       rlabel(8)=p g1 a6 t7;
 INPUT ---       rlabel(9)=N g1 a0 t1;
 INPUT ---       rlabel(10)=pent g1 a1 t2;
 INPUT ---       rlabel(11)=pent g1 a2 t3;
 INPUT ---       rlabel(12)=pent g1 a3 t4;
 INPUT ---       rlabel(13)=pent g1 a4 t5;
 INPUT ---       rlabel(14)=pent g1 a5 t6;
 INPUT ---       rlabel(15)=pent g1 a6 t7;
   Model is { Phi(~1)p(~time)pent(~time)N(~1) }

 Link Function Used is PARM-SPECIFIC

 Variance Estimation Procedure Used is 2ndPart 

 M(t+1):
       7

 Group 1 = Group 1

 U(t)+UL(t):
       0    3    0    0    3    1    0

 U(t):
       0    3    0    0    3    1    0

 UL(t):
       0    0    0    0    0    0    0

 Not Released(t):
       0    0    0    0    0    0    0


 -2logL(saturated) = 17.878480     
 Effective Sample Size = 15

 Number of function evaluations was 72 for 15 parameters.
 For numerical optimization, CPU Time was 0.281 secs and System Time was 0.219 secs.
 -2logL { Phi(~1)p(~time)pent(~time)N(~1) } = 9.9177383     
 Penalty { Phi(~1)p(~time)pent(~time)N(~1) } = 0.0000000     

Program  MARK  - Survival Rate Estimation with Capture-Recapture Data
 gfortran(dble/PIM2) Vers. 11.1 Nov 2024   7-May-2025 09:03:20    Page  004
 - - - - - - - - - - - - - - - - - - - - - - - - - - - - - - - - - - - - - -
 
 Gradient { Phi(~1)p(~time)pent(~time)N(~1) }:
   0.0000     -1.62698E-08   0.0000       0.0000      2.33690E-08
 -2.09862E-08  2.89944E-08   0.0000       0.0000     -1.09379E-07
 -1.74364E-07 -1.11201E-08  1.13606E-07   0.0000       0.0000    
 Maximum ABS(G) { Phi(~1)p(~time)pent(~time)N(~1) } =  1.74364E-07
 To compute VC matrix, CPU Time was 0.062 secs and System Time was 0.047 secs.
 S Vector { Phi(~1)p(~time)pent(~time)N(~1) }:
   1.714286      1.251591     0.5897956     0.2687529E-06 0.4802972E-07
  0.1118261E-07 0.3720964E-08 0.3504178E-08 0.1352776E-08 0.7573022E-09
  0.5751598E-09 0.1944311E-10 0.1551567E-10 0.1255559E-10 0.1495472E-11
 To invert VC matrix, CPU Time was 0.001 secs and System Time was 0.001 secs.
 Ratio Threshold = 50.00 Max Gap (3/4) = 2.1946E+6 Next Max Gap (11/12) = 29.58
 Gap Method for Num. of Estimated Parameters { Phi(~1)p(~time)pent(~time)N(~1) } = 3          
 Threshold { Phi(~1)p(~time)pent(~time)N(~1) } = 0.3487290E-06           
 Numerical Threshold Method for Num. of Estimated Parameters { Phi(~1)p(~time)pent(~time)N(~1) } = 3          
 Number of Estimated Parameters { Phi(~1)p(~time)pent(~time)N(~1) } = 3          
 DEVIANCE { Phi(~1)p(~time)pent(~time)N(~1) } = -7.9607414              
 DEVIANCE Degrees of Freedom { Phi(~1)p(~time)pent(~time)N(~1) } = 1          
 c-hat { Phi(~1)p(~time)pent(~time)N(~1) } = -7.9607414              
 AIC { Phi(~1)p(~time)pent(~time)N(~1) } = 15.917738               
 AICc { Phi(~1)p(~time)pent(~time)N(~1) } = 18.099556               
 BIC { Phi(~1)p(~time)pent(~time)N(~1) } = 18.041889               
 Pearson Chisquare { Phi(~1)p(~time)pent(~time)N(~1) } = 1.3888887               
 Possible Encounter Histories { Phi(~1)p(~time)pent(~time)N(~1) } = 127          
 Pearson Chisquare df { Phi(~1)p(~time)pent(~time)N(~1) } = 123          
 Pearson chat { Phi(~1)p(~time)pent(~time)N(~1) } = 0.0112918               
 Sum(Observed/Expected) { Phi(~1)p(~time)pent(~time)N(~1) } = 5.2777776               
 s-bar { Phi(~1)p(~time)pent(~time)N(~1) } = -0.9660494              
 Fletcher chat { Phi(~1)p(~time)pent(~time)N(~1) } = 0.3325942               


      PARM-SPECIFIC Link Function Parameters of { Phi(~1)p(~time)pent(~time)N(~1) }
                                                              95% Confidence Interval
    Parameter                  Beta         Standard Error     Lower           Upper
 -------------------------  --------------  --------------  --------------  --------------
    1:Phi:(Intercept)        23.134851       47719.910      -93507.890       93554.160    
    2:p:(Intercept)         -13.654068       0.0000000      -13.654068      -13.654068    
    3:p:time2                23.466388       0.0000000       23.466388       23.466388    
    4:p:time3               -9.7449315       0.0000000      -9.7449315      -9.7449315    
    5:p:time4               -9.2023279       0.0000000      -9.2023279      -9.2023279    
    6:p:time5                33.082184       9711.4322      -19001.325       19067.490    
    7:p:time6                15.445828       0.0000000       15.445828       15.445828    

Program  MARK  - Survival Rate Estimation with Capture-Recapture Data
 gfortran(dble/PIM2) Vers. 11.1 Nov 2024   7-May-2025 09:03:20    Page  005
 - - - - - - - - - - - - - - - - - - - - - - - - - - - - - - - - - - - - - -
 
    8:p:time7               -18.889822       0.0000000      -18.889822      -18.889822    
    9:pent:(Intercept)       10.592781       0.0000000       10.592781       10.592781    
   10:pent:time3            -1.1797570       6022.3128      -11804.913       11802.553    
   11:pent:time4            -0.3673573       2668.2328      -5230.1037       5229.3690    
   12:pent:time5            -20.440269       638501.49      -1251483.4       1251442.5    
   13:pent:time6            -1.0986421       0.0000000      -1.0986421      -1.0986421    
   14:pent:time7            -26.147359       556954.41      -1091656.8       1091604.5    
   15:N:(Intercept)         -24.303303       0.0000000      -24.303303      -24.303303    


             Real Function Parameters of { Phi(~1)p(~time)pent(~time)N(~1) }
                                                               95% Confidence Interval
     Parameter                Estimate       Standard Error     Lower           Upper
 --------------------------  --------------  --------------  --------------  --------------
     1:Phi g1 a0 t1           1.0000000       0.0000000       1.0000000       1.0000000       
     2:p g1 a0 t1             0.1175203E-05   0.0000000       0.1175203E-05   0.1175203E-05   
     3:p g1 a1 t2             0.9999452       0.0000000       0.9999452       0.9999452       
     4:p g1 a2 t3             0.6885628E-10   0.0000000       0.6885628E-10   0.6885628E-10   
     5:p g1 a3 t4             0.1184659E-09   0.0000000       0.1184659E-09   0.1184659E-09   
     6:p g1 a4 t5             1.0000000       0.3431233E-04   0.9999327       1.0000672       
     7:p g1 a5 t6             0.8571428       0.1322600       0.4193889       0.9803301       
     8:p g1 a6 t7             0.7351367E-14   0.0000000       0.7351367E-14   0.7351367E-14   
     9:N g1 a0 t1             7.0000000       0.0000000       7.0000000       7.0000000       
    10:pent g1 a1 t2          0.4285842       0.0000000       0.4285842       0.4285842       
    11:pent g1 a2 t3          0.1317268       793.12911      0.8439218E-309   1.0000000       
    12:pent g1 a3 t4          0.2968212       792.37447      0.2348083E-308   1.0000000       
    13:pent g1 a4 t5          0.5687747E-09   0.3631631E-03  -0.7117992E-03   0.7118003E-03   
    14:pent g1 a5 t6          0.1428571       0.1322602       0.0196698       0.5806117       
    15:pent g1 a6 t7          0.1889654E-11   0.1052452E-05  -0.2062803E-05   0.2062807E-05   


                     Estimates of Derived Parameters

 Gross Birth+Immigration Estimates of { Phi(~1)p(~time)pent(~time)N(~1) }
                                                95% Confidence Interval
 Grp. Occ.     B*-hat        Standard Error      Lower           Upper
 ---- ----   --------------  --------------  --------------  --------------
   1     1    3.0000891       0.0000000       3.0000891       3.0000891    
   1     2    0.9220876       5551.9038       0.2590892E-03   3281.6713    
   1     3    2.0777481       5546.6212       0.8635481E-03   4999.1856    
   1     4    0.3981423E-08   0.0025423       0.1580660E-12   0.1002855E-03
   1     5    0.9999999       0.9258211       0.2139291       4.6744454    
   1     6    0.1322758E-10   0.7367663E-05   0.5531326E-15   0.3163236E-06

  Net Birth+Immigration Estimates of { Phi(~1)p(~time)pent(~time)N(~1) }
                                                95% Confidence Interval
 Grp. Occ.     B-hat         Standard Error      Lower           Upper
 ---- ----   --------------  --------------  --------------  --------------
   1     1    3.0000891       0.0000000       3.0000891       3.0000891    
   1     2    0.9220876       5551.9038       0.2590892E-03   3281.6713    
   1     3    2.0777481       5546.6212       0.8635481E-03   4999.1856    
   1     4    0.3981423E-08   0.0025423       0.1580660E-12   0.1002855E-03
   1     5    0.9999999       0.9258211       0.2139291       4.6744454    
   1     6    0.1322758E-10   0.7367663E-05   0.5531326E-15   0.3163236E-06

       Population Estimates of { Phi(~1)p(~time)pent(~time)N(~1) }
                                                95% Confidence Interval
 Grp. Occ.     N-hat         Standard Error      Lower           Upper
 ---- ----   --------------  --------------  --------------  --------------
   1     1    0.7529185E-04   0.0000000       0.7529185E-04   0.7529185E-04
   1     2    3.0001644       0.0000000       3.0001644       3.0001644    
   1     3    3.9222520       5546.6168       0.0022451       6852.2015    
   1     4    6.0000001       0.9258281       4.4419778       8.1044983    
   1     5    6.0000001       0.9258210       4.4419878       8.1044800    

Program  MARK  - Survival Rate Estimation with Capture-Recapture Data
 gfortran(dble/PIM2) Vers. 11.1 Nov 2024   7-May-2025 09:03:20    Page  006
 - - - - - - - - - - - - - - - - - - - - - - - - - - - - - - - - - - - - - -
 
   1     6    7.0000000       0.7878849E-04   6.9998456       7.0001544    
   1     7    7.0000000       0.1103332E-03   6.9997837       7.0002163    

    Gross Population Estimates of { Phi(~1)p(~time)pent(~time)N(~1) }
                                                95% Confidence Interval
 Grp. Occ.     N*-hat        Standard Error      Lower           Upper
 ---- ----   --------------  --------------  --------------  --------------
   1     0    7.0000000       0.0000000       7.0000000       7.0000000    

 To compute parameter estimates, CPU Time was 0.001 secs and System Time was 0.015 secs.

 Attempted ordering of parameters by estimatibility:
   2 11 13  7 10  6  9  5  4  1  3 15 14  8 12
 Beta number 12 is a singular value.

 For procedure estimate CPU Time was 0.391 secs and System Time was 0.312 secs.
 INPUT --- proc stop;

 For this job, CPU Time in mins was 0.007 and System Time in mins was 0.005.

     Time Start = 09:03:19.977   Time End = 09:03:20.290

 Wall Clock Time in mins for this job was 0.005.

 Maximum of 20 words used.


          E X E C U T I O N   S U C C E S S F U L
