
 Program  MARK  - Survival Rate Estimation with Capture-Recapture Data
 gfortran(dble/PIM2) Vers. 11.1 Nov 2024   7-May-2025 09:20:50    Page  001
  
 - - - - - - - - - - - - - - - - - - - - - - - - - - - - - - - - - - - - - -
 
 Welcome to MARK Tanner on machine TANNERS-LAPTOP in subdirectory 
 "C:\Users\Tanner\OneDrive - Michigan Technological University\PhD\EMR" running file "mark012.inp".
 This version was compiled by GCC version 14.2.0 using the options: 
  -cpp -iprefix C:/tdm-gcc-64/mingw64-14-2/bin/../lib/gcc/
  x86_64-w64-mingw32/14.2.0/ -D_MT -D_REENTRANT -U_REENTRANT -D
  dbleprecision -m64 -march=x86-64 -mtune=generic -mthreads -O3 -std=f2023
  -fimplicit-none -ftree-vectorize
  -ffpe-summary=invalid,zero,overflow,underflow -funroll-loops
  -fno-unsafe-math-optimizations -frounding-math -fsignaling-nans
  -fall-intrinsics -fopenmp

 This problem will use 7 of 8 possible threads.
 Static thread allocation is used.
 INPUT --- proc title ;

 For procedure title CPU Time was 0.001 secs and System Time was 0.001 secs.
 INPUT --- proc chmatrix occasions= 7 groups= 1 etype= POPAN Nodes= 
 INPUT --- 101 ICMeans NoHist hist= 4 ;
 INPUT ---    time interval 1 1 1 1 1 1 ;
 INPUT ---    glabel(1)=Group 1;

      Number of unique encounter histories read was 4.

      Number of individual covariates read was 0.
      Time interval lengths are all equal to 1.

      Data type number is 19
      Data type is POPAN

 For procedure chmatrix CPU Time was 0.001 secs and System Time was 0.001 secs.

Program  MARK  - Survival Rate Estimation with Capture-Recapture Data
 gfortran(dble/PIM2) Vers. 11.1 Nov 2024   7-May-2025 09:20:50    Page  002
 - - - - - - - - - - - - - - - - - - - - - - - - - - - - - - - - - - - - - -
 


 INPUT --- proc estimate link=Parm-Specific NOLOOP varest=2ndPart    ;
 INPUT --- model={ Phi(~1)p(~1)pent(~1)N(~1) };
 INPUT ---    group=1 Phi    rows=1 cols=6 Square ;
 INPUT ---        1 1 1 1 1 1 ;
 INPUT ---    group=1 p    rows=1 cols=7 Square ;
 INPUT ---        2 2 2 2 2 2 2 ;
 INPUT ---    group=1 pent    rows=1 cols=6 Square ;
 INPUT ---        4 5 6 7 8 9 ;
 INPUT ---    group=1 N    rows=1 cols=1 Square ;
 INPUT ---        3 ;
 INPUT ---    design matrix constraints=9 covariates=4;
 INPUT ---        1 0 0 0;
 INPUT ---        0 1 0 0;
 INPUT ---        0 0 0 1;
 INPUT ---        0 0 1 0;
 INPUT ---        0 0 1 0;
 INPUT ---        0 0 1 0;
 INPUT ---        0 0 1 0;
 INPUT ---        0 0 1 0;
 INPUT ---        0 0 1 0;
 INPUT ---    links=9;
 INPUT ---       Logit;
 INPUT ---       Logit;
 INPUT ---       Log;
 INPUT ---       mlogit(1);
 INPUT ---       mlogit(1);
 INPUT ---       mlogit(1);
 INPUT ---       mlogit(1);
 INPUT ---       mlogit(1);
 INPUT ---       mlogit(1);
 INPUT ---       blabel(1)=Phi:(Intercept);
 INPUT ---       blabel(2)=p:(Intercept);
 INPUT ---       blabel(3)=pent:(Intercept);
 INPUT ---       blabel(4)=N:(Intercept);
 INPUT ---       rlabel(1)=Phi g1 a0 t1;
 INPUT ---       rlabel(2)=p g1 a0 t1;
 INPUT ---       rlabel(3)=N g1 a0 t1;
 INPUT ---       rlabel(4)=pent g1 a1 t2;
 INPUT ---       rlabel(5)=pent g1 a2 t3;
 INPUT ---       rlabel(6)=pent g1 a3 t4;
 INPUT ---       rlabel(7)=pent g1 a4 t5;
 INPUT ---       rlabel(8)=pent g1 a5 t6;
 INPUT ---       rlabel(9)=pent g1 a6 t7;
   Model is { Phi(~1)p(~1)pent(~1)N(~1) }

Program  MARK  - Survival Rate Estimation with Capture-Recapture Data
 gfortran(dble/PIM2) Vers. 11.1 Nov 2024   7-May-2025 09:20:50    Page  003
 - - - - - - - - - - - - - - - - - - - - - - - - - - - - - - - - - - - - - -
 

 Link Function Used is PARM-SPECIFIC

 Variance Estimation Procedure Used is 2ndPart 

 M(t+1):
       7

 Group 1 = Group 1

 U(t)+UL(t):
       0    3    0    0    3    1    0

 U(t):
       0    3    0    0    3    1    0

 UL(t):
       0    0    0    0    0    0    0

 Not Released(t):
       0    0    0    0    0    0    0


 -2logL(saturated) = 17.878480     
 Effective Sample Size = 15

 Number of function evaluations was 35 for 4 parameters.
 For numerical optimization, CPU Time was 0.047 secs and System Time was 0.031 secs.
 -2logL { Phi(~1)p(~1)pent(~1)N(~1) } = 48.325025     
 Penalty { Phi(~1)p(~1)pent(~1)N(~1) } = 0.0000000     
 Gradient { Phi(~1)p(~1)pent(~1)N(~1) }:
   0.0000      6.47012E-07   0.0000      4.35742E-07
 Maximum ABS(G) { Phi(~1)p(~1)pent(~1)N(~1) } =  6.47012E-07
 To compute VC matrix, CPU Time was 0.001 secs and System Time was 0.001 secs.
 S Vector { Phi(~1)p(~1)pent(~1)N(~1) }:
   7.672724     0.5206284     0.2595833     0.5754917E-09
 To invert VC matrix, CPU Time was 0.001 secs and System Time was 0.001 secs.
 Ratio Threshold = 50.00 Max Gap (3/4) = 4.5106E+8 Next Max Gap (1/2) = 14.74
 Gap Method for Num. of Estimated Parameters { Phi(~1)p(~1)pent(~1)N(~1) } = 3          
 Threshold { Phi(~1)p(~1)pent(~1)N(~1) } = 0.1294024E-05           
 Numerical Threshold Method for Num. of Estimated Parameters { Phi(~1)p(~1)pent(~1)N(~1) } = 3          
 Number of Estimated Parameters { Phi(~1)p(~1)pent(~1)N(~1) } = 3          
 DEVIANCE { Phi(~1)p(~1)pent(~1)N(~1) } = 30.446545               
 DEVIANCE Degrees of Freedom { Phi(~1)p(~1)pent(~1)N(~1) } = 1          
 c-hat { Phi(~1)p(~1)pent(~1)N(~1) } = 30.446545               
 AIC { Phi(~1)p(~1)pent(~1)N(~1) } = 54.325025               
 AICc { Phi(~1)p(~1)pent(~1)N(~1) } = 56.506843               
 BIC { Phi(~1)p(~1)pent(~1)N(~1) } = 56.449175               
 Pearson Chisquare { Phi(~1)p(~1)pent(~1)N(~1) } = 88.187710               
 Possible Encounter Histories { Phi(~1)p(~1)pent(~1)N(~1) } = 127          
 Pearson Chisquare df { Phi(~1)p(~1)pent(~1)N(~1) } = 123          
 Pearson chat { Phi(~1)p(~1)pent(~1)N(~1) } = 0.7169733               
 Sum(Observed/Expected) { Phi(~1)p(~1)pent(~1)N(~1) } = 34.335695               
 s-bar { Phi(~1)p(~1)pent(~1)N(~1) } = -0.7354310              
 Fletcher chat { Phi(~1)p(~1)pent(~1)N(~1) } = 2.7099669               

Program  MARK  - Survival Rate Estimation with Capture-Recapture Data
 gfortran(dble/PIM2) Vers. 11.1 Nov 2024   7-May-2025 09:20:50    Page  004
 - - - - - - - - - - - - - - - - - - - - - - - - - - - - - - - - - - - - - -
 
         PARM-SPECIFIC Link Function Parameters of { Phi(~1)p(~1)pent(~1)N(~1) }
                                                              95% Confidence Interval
    Parameter                  Beta         Standard Error     Lower           Upper
 -------------------------  --------------  --------------  --------------  --------------
    1:Phi:(Intercept)        24.611599       0.0000000       24.611599       24.611599    
    2:p:(Intercept)         -0.4739671       0.4493173      -1.3546290       0.4066947    
    3:pent:(Intercept)      -0.9129307       1.7741855      -4.3903344       2.5644729    
    4:N:(Intercept)          0.0943110       1.5980599      -3.0378866       3.2265085    


                Real Function Parameters of { Phi(~1)p(~1)pent(~1)N(~1) }
                                                               95% Confidence Interval
     Parameter                Estimate       Standard Error     Lower           Upper
 --------------------------  --------------  --------------  --------------  --------------
     1:Phi g1 a0 t1           1.0000000       0.0000000       1.0000000       1.0000000       
     2:p g1 a0 t1             0.3836777       0.1062497       0.2051146       0.6002951       
     3:N g1 a0 t1             8.0989014       1.7561104       7.1209025       16.988087       
     4:pent g1 a1 t2          0.1177632       0.0613055       0.0402979       0.2979153       
     5:pent g1 a2 t3          0.1177632       0.0613055       0.0402979       0.2979153       
     6:pent g1 a3 t4          0.1177632       0.0613055       0.0402979       0.2979153       
     7:pent g1 a4 t5          0.1177632       0.0613055       0.0402979       0.2979153       
     8:pent g1 a5 t6          0.1177632       0.0613055       0.0402979       0.2979153       
     9:pent g1 a6 t7          0.1177632       0.0613055       0.0402979       0.2979153       


                     Estimates of Derived Parameters

    Gross Birth+Immigration Estimates of { Phi(~1)p(~1)pent(~1)N(~1) }
                                                95% Confidence Interval
 Grp. Occ.     B*-hat        Standard Error      Lower           Upper
 ---- ----   --------------  --------------  --------------  --------------
   1     1    0.9537529       0.5987508       0.3081616       2.9518423    
   1     2    0.9537529       0.5987508       0.3081616       2.9518423    
   1     3    0.9537529       0.5987508       0.3081616       2.9518423    
   1     4    0.9537529       0.5987508       0.3081616       2.9518423    
   1     5    0.9537529       0.5987508       0.3081616       2.9518423    
   1     6    0.9537529       0.5987508       0.3081616       2.9518423    

     Net Birth+Immigration Estimates of { Phi(~1)p(~1)pent(~1)N(~1) }
                                                95% Confidence Interval
 Grp. Occ.     B-hat         Standard Error      Lower           Upper
 ---- ----   --------------  --------------  --------------  --------------
   1     1    0.9537529       0.5987508       0.3081616       2.9518423    
   1     2    0.9537529       0.5987508       0.3081616       2.9518423    
   1     3    0.9537529       0.5987508       0.3081616       2.9518423    
   1     4    0.9537529       0.5987508       0.3081616       2.9518423    
   1     5    0.9537529       0.5987508       0.3081616       2.9518423    
   1     6    0.9537529       0.5987508       0.3081616       2.9518423    

          Population Estimates of { Phi(~1)p(~1)pent(~1)N(~1) }
                                                95% Confidence Interval
 Grp. Occ.     N-hat         Standard Error      Lower           Upper
 ---- ----   --------------  --------------  --------------  --------------
   1     1    2.3763842       2.8470094       0.3739790       15.100316    
   1     2    3.3301370       2.3400912       0.9621003       11.526670    
   1     3    4.2838899       1.8877490       1.8760827       9.7819315    
   1     4    5.2376428       1.5388861       2.9798631       9.2060947    
   1     5    6.1913957       1.3746818       4.0277362       9.5173512    
   1     6    7.1451486       1.4588813       4.8082066       10.617919    
   1     7    8.0989014       1.7561106       5.3207139       12.327707    

       Gross Population Estimates of { Phi(~1)p(~1)pent(~1)N(~1) }
                                                95% Confidence Interval
 Grp. Occ.     N*-hat        Standard Error      Lower           Upper
 ---- ----   --------------  --------------  --------------  --------------
   1     0    8.0989014       1.7561106       5.3207139       12.327707    

 To compute parameter estimates, CPU Time was 0.001 secs and System Time was 0.001 secs.

Program  MARK  - Survival Rate Estimation with Capture-Recapture Data
 gfortran(dble/PIM2) Vers. 11.1 Nov 2024   7-May-2025 09:20:50    Page  005
 - - - - - - - - - - - - - - - - - - - - - - - - - - - - - - - - - - - - - -
 

 Attempted ordering of parameters by estimatibility:
  2 4 3 1
 Beta number 1 is a singular value.

 For procedure estimate CPU Time was 0.078 secs and System Time was 0.063 secs.
 INPUT --- proc stop;

 For this job, CPU Time in mins was 0.002 and System Time in mins was 0.002.

     Time Start = 09:20:50.376   Time End = 09:20:50.458

 Wall Clock Time in mins for this job was 0.001.

 Maximum of 20 words used.


          E X E C U T I O N   S U C C E S S F U L
