
 Program  MARK  - Survival Rate Estimation with Capture-Recapture Data
 gfortran(dble/PIM2) Vers. 11.1 Nov 2024   6-May-2025 11:15:48    Page  001
  
 - - - - - - - - - - - - - - - - - - - - - - - - - - - - - - - - - - - - - -
 
 Welcome to MARK Tanner on machine TANNERS-LAPTOP in subdirectory 
 "C:\Users\Tanner\OneDrive - Michigan Technological University\PhD\EMR" running file "mark011.inp".
 This version was compiled by GCC version 14.2.0 using the options: 
  -cpp -iprefix C:/tdm-gcc-64/mingw64-14-2/bin/../lib/gcc/
  x86_64-w64-mingw32/14.2.0/ -D_MT -D_REENTRANT -U_REENTRANT -D
  dbleprecision -m64 -march=x86-64 -mtune=generic -mthreads -O3 -std=f2023
  -fimplicit-none -ftree-vectorize
  -ffpe-summary=invalid,zero,overflow,underflow -funroll-loops
  -fno-unsafe-math-optimizations -frounding-math -fsignaling-nans
  -fall-intrinsics -fopenmp

 This problem will use 7 of 8 possible threads.
 Static thread allocation is used.
 INPUT --- proc title ;

 For procedure title CPU Time was 0.001 secs and System Time was 0.001 secs.
 INPUT --- proc chmatrix occasions= 7 groups= 1 etype= POPAN Nodes= 
 INPUT --- 101 ICMeans NoHist hist= 16  ;
 INPUT ---    time interval 1 1 1 1 1 1 ;
 INPUT ---    glabel(1)=Group 1;

      Number of unique encounter histories read was 16.

      Number of individual covariates read was 0.
      Time interval lengths are all equal to 1.

      Data type number is 19
      Data type is POPAN

 For procedure chmatrix CPU Time was 0.001 secs and System Time was 0.001 secs.

Program  MARK  - Survival Rate Estimation with Capture-Recapture Data
 gfortran(dble/PIM2) Vers. 11.1 Nov 2024   6-May-2025 11:15:48    Page  002
 - - - - - - - - - - - - - - - - - - - - - - - - - - - - - - - - - - - - - -
 


 INPUT --- proc estimate link=Parm-Specific NOLOOP varest=2ndPart    ;
 INPUT --- model={ Phi(~1)p(~1)pent(~1)N(~1) };
 INPUT ---    group=1 Phi    rows=1 cols=6 Square ;
 INPUT ---        1 1 1 1 1 1 ;
 INPUT ---    group=1 p    rows=1 cols=7 Square ;
 INPUT ---        2 2 2 2 2 2 2 ;
 INPUT ---    group=1 pent    rows=1 cols=6 Square ;
 INPUT ---        4 5 6 7 8 9 ;
 INPUT ---    group=1 N    rows=1 cols=1 Square ;
 INPUT ---        3 ;
 INPUT ---    design matrix constraints=9 covariates=4;
 INPUT ---        1 0 0 0;
 INPUT ---        0 1 0 0;
 INPUT ---        0 0 0 1;
 INPUT ---        0 0 1 0;
 INPUT ---        0 0 1 0;
 INPUT ---        0 0 1 0;
 INPUT ---        0 0 1 0;
 INPUT ---        0 0 1 0;
 INPUT ---        0 0 1 0;
 INPUT ---    links=9;
 INPUT ---       Logit;
 INPUT ---       Logit;
 INPUT ---       Log;
 INPUT ---       mlogit(1);
 INPUT ---       mlogit(1);
 INPUT ---       mlogit(1);
 INPUT ---       mlogit(1);
 INPUT ---       mlogit(1);
 INPUT ---       mlogit(1);
 INPUT ---       blabel(1)=Phi:(Intercept);
 INPUT ---       blabel(2)=p:(Intercept);
 INPUT ---       blabel(3)=pent:(Intercept);
 INPUT ---       blabel(4)=N:(Intercept);
 INPUT ---       rlabel(1)=Phi g1 a0 t1;
 INPUT ---       rlabel(2)=p g1 a0 t1;
 INPUT ---       rlabel(3)=N g1 a0 t1;
 INPUT ---       rlabel(4)=pent g1 a1 t2;
 INPUT ---       rlabel(5)=pent g1 a2 t3;
 INPUT ---       rlabel(6)=pent g1 a3 t4;
 INPUT ---       rlabel(7)=pent g1 a4 t5;
 INPUT ---       rlabel(8)=pent g1 a5 t6;
 INPUT ---       rlabel(9)=pent g1 a6 t7;
   Model is { Phi(~1)p(~1)pent(~1)N(~1) }

Program  MARK  - Survival Rate Estimation with Capture-Recapture Data
 gfortran(dble/PIM2) Vers. 11.1 Nov 2024   6-May-2025 11:15:48    Page  003
 - - - - - - - - - - - - - - - - - - - - - - - - - - - - - - - - - - - - - -
 

 Link Function Used is PARM-SPECIFIC

 Variance Estimation Procedure Used is 2ndPart 

 M(t+1):
      89

 Group 1 = Group 1

 U(t)+UL(t):
      12    8    1   18   23   10   17

 U(t):
      12    8    1   18   23   10   17

 UL(t):
       0    0    0    0    0    0    0

 Not Released(t):
       0    0    0    0    0    0    0


 -2logL(saturated) = 432.49781     
 Effective Sample Size = 174

 Number of function evaluations was 39 for 4 parameters.
 For numerical optimization, CPU Time was 0.016 secs and System Time was 0.001 secs.
 -2logL { Phi(~1)p(~1)pent(~1)N(~1) } = 354.69202     
 Penalty { Phi(~1)p(~1)pent(~1)N(~1) } = 0.0000000     
 Gradient { Phi(~1)p(~1)pent(~1)N(~1) }:
   0.0000      1.00814E-05  1.05336E-05  2.74096E-06
 Maximum ABS(G) { Phi(~1)p(~1)pent(~1)N(~1) } =  1.05336E-05
 To compute VC matrix, CPU Time was 0.031 secs and System Time was 0.001 secs.
 S Vector { Phi(~1)p(~1)pent(~1)N(~1) }:
   89.07897      11.97105      8.291197     0.1248478E-08
 To invert VC matrix, CPU Time was 0.001 secs and System Time was 0.001 secs.
 Ratio Threshold = 50.00 Max Gap (3/4) = 6.6410E+9 Next Max Gap (1/2) = 7.441
 Gap Method for Num. of Estimated Parameters { Phi(~1)p(~1)pent(~1)N(~1) } = 3          
 Threshold { Phi(~1)p(~1)pent(~1)N(~1) } = 0.2106721E-04           
 Numerical Threshold Method for Num. of Estimated Parameters { Phi(~1)p(~1)pent(~1)N(~1) } = 3          
 Number of Estimated Parameters { Phi(~1)p(~1)pent(~1)N(~1) } = 3          
 DEVIANCE { Phi(~1)p(~1)pent(~1)N(~1) } = -77.805787              
 DEVIANCE Degrees of Freedom { Phi(~1)p(~1)pent(~1)N(~1) } = 13          
 c-hat { Phi(~1)p(~1)pent(~1)N(~1) } = -5.9850606              
 AIC { Phi(~1)p(~1)pent(~1)N(~1) } = 360.69202               
 AICc { Phi(~1)p(~1)pent(~1)N(~1) } = 360.83319               
 BIC { Phi(~1)p(~1)pent(~1)N(~1) } = 370.16918               
 Pearson Chisquare { Phi(~1)p(~1)pent(~1)N(~1) } = 679.11081               
 Possible Encounter Histories { Phi(~1)p(~1)pent(~1)N(~1) } = 127          
 Pearson Chisquare df { Phi(~1)p(~1)pent(~1)N(~1) } = 123          
 Pearson chat { Phi(~1)p(~1)pent(~1)N(~1) } = 5.5212261               
 Sum(Observed/Expected) { Phi(~1)p(~1)pent(~1)N(~1) } = 113.90296               
 s-bar { Phi(~1)p(~1)pent(~1)N(~1) } = -0.1039447              
 Fletcher chat { Phi(~1)p(~1)pent(~1)N(~1) } = 6.1617027               

Program  MARK  - Survival Rate Estimation with Capture-Recapture Data
 gfortran(dble/PIM2) Vers. 11.1 Nov 2024   6-May-2025 11:15:48    Page  004
 - - - - - - - - - - - - - - - - - - - - - - - - - - - - - - - - - - - - - -
 
         PARM-SPECIFIC Link Function Parameters of { Phi(~1)p(~1)pent(~1)N(~1) }
                                                              95% Confidence Interval
    Parameter                  Beta         Standard Error     Lower           Upper
 -------------------------  --------------  --------------  --------------  --------------
    1:Phi:(Intercept)        28.852661       0.0000000       28.852661       28.852661    
    2:p:(Intercept)         -0.5135564       0.1371561      -0.7823824      -0.2447304    
    3:pent:(Intercept)      -0.4485820       0.3370544      -1.1092086       0.2120445    
    4:N:(Intercept)          3.1752150       0.2880160       2.6107036       3.7397264    


                Real Function Parameters of { Phi(~1)p(~1)pent(~1)N(~1) }
                                                               95% Confidence Interval
     Parameter                Estimate       Standard Error     Lower           Upper
 --------------------------  --------------  --------------  --------------  --------------
     1:Phi g1 a0 t1           1.0000000       0.0000000       1.0000000       1.0000000       
     2:p g1 a0 t1             0.3743602       0.0321240       0.3138066       0.4391210       
     3:N g1 a0 t1             112.93196       6.8927892       102.76201       130.61738       
     4:pent g1 a1 t2          0.1321687       0.0092209       0.1151191       0.1513115       
     5:pent g1 a2 t3          0.1321687       0.0092209       0.1151191       0.1513115       
     6:pent g1 a3 t4          0.1321687       0.0092209       0.1151191       0.1513115       
     7:pent g1 a4 t5          0.1321687       0.0092209       0.1151191       0.1513115       
     8:pent g1 a5 t6          0.1321687       0.0092209       0.1151191       0.1513115       
     9:pent g1 a6 t7          0.1321687       0.0092209       0.1151191       0.1513115       


                     Estimates of Derived Parameters

    Gross Birth+Immigration Estimates of { Phi(~1)p(~1)pent(~1)N(~1) }
                                                95% Confidence Interval
 Grp. Occ.     B*-hat        Standard Error      Lower           Upper
 ---- ----   --------------  --------------  --------------  --------------
   1     1    14.926067       1.4937316       12.273591       18.151776    
   1     2    14.926067       1.4937316       12.273591       18.151776    
   1     3    14.926067       1.4937316       12.273591       18.151776    
   1     4    14.926067       1.4937316       12.273591       18.151776    
   1     5    14.926067       1.4937316       12.273591       18.151776    
   1     6    14.926067       1.4937316       12.273591       18.151776    

     Net Birth+Immigration Estimates of { Phi(~1)p(~1)pent(~1)N(~1) }
                                                95% Confidence Interval
 Grp. Occ.     B-hat         Standard Error      Lower           Upper
 ---- ----   --------------  --------------  --------------  --------------
   1     1    14.926067       1.4937316       12.273591       18.151776    
   1     2    14.926067       1.4937316       12.273591       18.151776    
   1     3    14.926067       1.4937316       12.273591       18.151776    
   1     4    14.926067       1.4937316       12.273591       18.151776    
   1     5    14.926067       1.4937316       12.273591       18.151776    
   1     6    14.926067       1.4937316       12.273591       18.151776    

          Population Estimates of { Phi(~1)p(~1)pent(~1)N(~1) }
                                                95% Confidence Interval
 Grp. Occ.     N-hat         Standard Error      Lower           Upper
 ---- ----   --------------  --------------  --------------  --------------
   1     1    23.375563       6.1721401       14.053378       38.881538    
   1     2    38.301630       5.3393232       29.182761       50.269913    
   1     3    53.227697       4.8356903       44.561950       63.578630    
   1     4    68.153764       4.7667491       59.432965       78.154195    
   1     5    83.079831       5.1499866       73.583525       93.801681    
   1     6    98.005898       5.8979060       87.111004       110.26341    
   1     7    112.93196       6.8928003       100.21002       127.26900    

       Gross Population Estimates of { Phi(~1)p(~1)pent(~1)N(~1) }
                                                95% Confidence Interval
 Grp. Occ.     N*-hat        Standard Error      Lower           Upper
 ---- ----   --------------  --------------  --------------  --------------
   1     0    112.93196       6.8928003       100.21002       127.26900    

 To compute parameter estimates, CPU Time was 0.016 secs and System Time was 0.015 secs.

Program  MARK  - Survival Rate Estimation with Capture-Recapture Data
 gfortran(dble/PIM2) Vers. 11.1 Nov 2024   6-May-2025 11:15:48    Page  005
 - - - - - - - - - - - - - - - - - - - - - - - - - - - - - - - - - - - - - -
 

 Attempted ordering of parameters by estimatibility:
  2 4 3 1
 Beta number 1 is a singular value.

 For procedure estimate CPU Time was 0.078 secs and System Time was 0.046 secs.
 INPUT --- proc stop;

 For this job, CPU Time in mins was 0.002 and System Time in mins was 0.001.

     Time Start = 11:15:48.882   Time End = 11:15:48.958

 Wall Clock Time in mins for this job was 0.001.

 Maximum of 20 words used.


          E X E C U T I O N   S U C C E S S F U L
