
 Program  MARK  - Survival Rate Estimation with Capture-Recapture Data
 gfortran(dble/PIM2) Vers. 11.1 Nov 2024   6-May-2025 11:15:49    Page  001
  
 - - - - - - - - - - - - - - - - - - - - - - - - - - - - - - - - - - - - - -
 
 Welcome to MARK Tanner on machine TANNERS-LAPTOP in subdirectory 
 "C:\Users\Tanner\OneDrive - Michigan Technological University\PhD\EMR" running file "mark013.inp".
 This version was compiled by GCC version 14.2.0 using the options: 
  -cpp -iprefix C:/tdm-gcc-64/mingw64-14-2/bin/../lib/gcc/
  x86_64-w64-mingw32/14.2.0/ -D_MT -D_REENTRANT -U_REENTRANT -D
  dbleprecision -m64 -march=x86-64 -mtune=generic -mthreads -O3 -std=f2023
  -fimplicit-none -ftree-vectorize
  -ffpe-summary=invalid,zero,overflow,underflow -funroll-loops
  -fno-unsafe-math-optimizations -frounding-math -fsignaling-nans
  -fall-intrinsics -fopenmp

 This problem will use 7 of 8 possible threads.
 Static thread allocation is used.
 INPUT --- proc title ;

 For procedure title CPU Time was 0.001 secs and System Time was 0.001 secs.
 INPUT --- proc chmatrix occasions= 7 groups= 1 etype= POPAN Nodes= 
 INPUT --- 101 ICMeans NoHist hist= 11  ;
 INPUT ---    time interval 1 1 1 1 1 1 ;
 INPUT ---    glabel(1)=Group 1;

      Number of unique encounter histories read was 11.

      Number of individual covariates read was 0.
      Time interval lengths are all equal to 1.

      Data type number is 19
      Data type is POPAN

 For procedure chmatrix CPU Time was 0.001 secs and System Time was 0.001 secs.

Program  MARK  - Survival Rate Estimation with Capture-Recapture Data
 gfortran(dble/PIM2) Vers. 11.1 Nov 2024   6-May-2025 11:15:49    Page  002
 - - - - - - - - - - - - - - - - - - - - - - - - - - - - - - - - - - - - - -
 


 INPUT --- proc estimate link=Parm-Specific NOLOOP varest=2ndPart    ;
 INPUT --- model={ Phi(~1)p(~1)pent(~1)N(~1) };
 INPUT ---    group=1 Phi    rows=1 cols=6 Square ;
 INPUT ---        1 1 1 1 1 1 ;
 INPUT ---    group=1 p    rows=1 cols=7 Square ;
 INPUT ---        2 2 2 2 2 2 2 ;
 INPUT ---    group=1 pent    rows=1 cols=6 Square ;
 INPUT ---        4 5 6 7 8 9 ;
 INPUT ---    group=1 N    rows=1 cols=1 Square ;
 INPUT ---        3 ;
 INPUT ---    design matrix constraints=9 covariates=4;
 INPUT ---        1 0 0 0;
 INPUT ---        0 1 0 0;
 INPUT ---        0 0 0 1;
 INPUT ---        0 0 1 0;
 INPUT ---        0 0 1 0;
 INPUT ---        0 0 1 0;
 INPUT ---        0 0 1 0;
 INPUT ---        0 0 1 0;
 INPUT ---        0 0 1 0;
 INPUT ---    links=9;
 INPUT ---       Logit;
 INPUT ---       Logit;
 INPUT ---       Log;
 INPUT ---       mlogit(1);
 INPUT ---       mlogit(1);
 INPUT ---       mlogit(1);
 INPUT ---       mlogit(1);
 INPUT ---       mlogit(1);
 INPUT ---       mlogit(1);
 INPUT ---       blabel(1)=Phi:(Intercept);
 INPUT ---       blabel(2)=p:(Intercept);
 INPUT ---       blabel(3)=pent:(Intercept);
 INPUT ---       blabel(4)=N:(Intercept);
 INPUT ---       rlabel(1)=Phi g1 a0 t1;
 INPUT ---       rlabel(2)=p g1 a0 t1;
 INPUT ---       rlabel(3)=N g1 a0 t1;
 INPUT ---       rlabel(4)=pent g1 a1 t2;
 INPUT ---       rlabel(5)=pent g1 a2 t3;
 INPUT ---       rlabel(6)=pent g1 a3 t4;
 INPUT ---       rlabel(7)=pent g1 a4 t5;
 INPUT ---       rlabel(8)=pent g1 a5 t6;
 INPUT ---       rlabel(9)=pent g1 a6 t7;
   Model is { Phi(~1)p(~1)pent(~1)N(~1) }

Program  MARK  - Survival Rate Estimation with Capture-Recapture Data
 gfortran(dble/PIM2) Vers. 11.1 Nov 2024   6-May-2025 11:15:49    Page  003
 - - - - - - - - - - - - - - - - - - - - - - - - - - - - - - - - - - - - - -
 

 Link Function Used is PARM-SPECIFIC

 Variance Estimation Procedure Used is 2ndPart 

 M(t+1):
      48

 Group 1 = Group 1

 U(t)+UL(t):
       1    2    7   11   14    7    6

 U(t):
       1    2    7   11   14    7    6

 UL(t):
       0    0    0    0    0    0    0

 Not Released(t):
       0    0    0    0    0    0    0


 -2logL(saturated) = 196.63135     
 Effective Sample Size = 63

 Number of function evaluations was 21 for 4 parameters.
 For numerical optimization, CPU Time was 0.016 secs and System Time was 0.001 secs.
 -2logL { Phi(~1)p(~1)pent(~1)N(~1) } = 118.02492     
 Penalty { Phi(~1)p(~1)pent(~1)N(~1) } = 0.0000000     
 Gradient { Phi(~1)p(~1)pent(~1)N(~1) }:
   0.0000       0.0000       0.0000      7.38670E-07
 Maximum ABS(G) { Phi(~1)p(~1)pent(~1)N(~1) } =  7.38670E-07
 To compute VC matrix, CPU Time was 0.001 secs and System Time was 0.016 secs.
 S Vector { Phi(~1)p(~1)pent(~1)N(~1) }:
   66.90465      5.172415      1.818824     0.8396217    
 To invert VC matrix, CPU Time was 0.001 secs and System Time was 0.001 secs.
 Ratio Threshold = 50.00 Max Gap (1/2) = 12.93 Next Max Gap (1/2) = 12.93
 Gap Method for Num. of Estimated Parameters { Phi(~1)p(~1)pent(~1)N(~1) } = 4          
 Threshold { Phi(~1)p(~1)pent(~1)N(~1) } = 0.1477340E-05           
 Numerical Threshold Method for Num. of Estimated Parameters { Phi(~1)p(~1)pent(~1)N(~1) } = 4          
 Number of Estimated Parameters { Phi(~1)p(~1)pent(~1)N(~1) } = 4          
 DEVIANCE { Phi(~1)p(~1)pent(~1)N(~1) } = -78.606422              
 DEVIANCE Degrees of Freedom { Phi(~1)p(~1)pent(~1)N(~1) } = 7          
 c-hat { Phi(~1)p(~1)pent(~1)N(~1) } = -11.229489              
 AIC { Phi(~1)p(~1)pent(~1)N(~1) } = 126.02492               
 AICc { Phi(~1)p(~1)pent(~1)N(~1) } = 126.71458               
 BIC { Phi(~1)p(~1)pent(~1)N(~1) } = 134.59746               
 Pearson Chisquare { Phi(~1)p(~1)pent(~1)N(~1) } = 98.613919               
 Possible Encounter Histories { Phi(~1)p(~1)pent(~1)N(~1) } = 127          
 Pearson Chisquare df { Phi(~1)p(~1)pent(~1)N(~1) } = 122          
 Pearson chat { Phi(~1)p(~1)pent(~1)N(~1) } = 0.8083108               
 Sum(Observed/Expected) { Phi(~1)p(~1)pent(~1)N(~1) } = 26.209234               
 s-bar { Phi(~1)p(~1)pent(~1)N(~1) } = -0.7999267              
 Fletcher chat { Phi(~1)p(~1)pent(~1)N(~1) } = 4.0400737               

Program  MARK  - Survival Rate Estimation with Capture-Recapture Data
 gfortran(dble/PIM2) Vers. 11.1 Nov 2024   6-May-2025 11:15:49    Page  004
 - - - - - - - - - - - - - - - - - - - - - - - - - - - - - - - - - - - - - -
 
         PARM-SPECIFIC Link Function Parameters of { Phi(~1)p(~1)pent(~1)N(~1) }
                                                              95% Confidence Interval
    Parameter                  Beta         Standard Error     Lower           Upper
 -------------------------  --------------  --------------  --------------  --------------
    1:Phi:(Intercept)        1.0916015       0.7034098      -0.2870818       2.4702848    
    2:p:(Intercept)         -1.2181112       0.4396591      -2.0798431      -0.3563793    
    3:pent:(Intercept)       1.6167903       1.0543912      -0.4498165       3.6833970    
    4:N:(Intercept)          4.1642787       0.3863572       3.4070186       4.9215388    


                Real Function Parameters of { Phi(~1)p(~1)pent(~1)N(~1) }
                                                               95% Confidence Interval
     Parameter                Estimate       Standard Error     Lower           Upper
 --------------------------  --------------  --------------  --------------  --------------
     1:Phi g1 a0 t1           0.7486832       0.1323513       0.4287184       0.9220322       
     2:p g1 a0 t1             0.2282690       0.0774514       0.1110715       0.4118363       
     3:N g1 a0 t1             112.34625       24.860639       78.975598       181.66781       
     4:pent g1 a1 t2          0.1613284       0.0054483       0.1509330       0.1722945       
     5:pent g1 a2 t3          0.1613284       0.0054483       0.1509330       0.1722945       
     6:pent g1 a3 t4          0.1613284       0.0054483       0.1509330       0.1722945       
     7:pent g1 a4 t5          0.1613284       0.0054483       0.1509330       0.1722945       
     8:pent g1 a5 t6          0.1613284       0.0054483       0.1509330       0.1722945       
     9:pent g1 a6 t7          0.1613284       0.0054483       0.1509330       0.1722945       


                     Estimates of Derived Parameters

    Gross Birth+Immigration Estimates of { Phi(~1)p(~1)pent(~1)N(~1) }
                                                95% Confidence Interval
 Grp. Occ.     B*-hat        Standard Error      Lower           Upper
 ---- ----   --------------  --------------  --------------  --------------
   1     1    20.873996       4.7019613       13.496858       32.283345    
   1     2    20.873996       4.7019613       13.496858       32.283345    
   1     3    20.873996       4.7019613       13.496858       32.283345    
   1     4    20.873996       4.7019613       13.496858       32.283345    
   1     5    20.873996       4.7019613       13.496858       32.283345    
   1     6    20.873996       4.7019613       13.496858       32.283345    

     Net Birth+Immigration Estimates of { Phi(~1)p(~1)pent(~1)N(~1) }
                                                95% Confidence Interval
 Grp. Occ.     B-hat         Standard Error      Lower           Upper
 ---- ----   --------------  --------------  --------------  --------------
   1     1    18.124646       4.0144188       11.802844       27.832513    
   1     2    18.124646       4.0144188       11.802844       27.832513    
   1     3    18.124646       4.0144188       11.802844       27.832513    
   1     4    18.124646       4.0144188       11.802844       27.832513    
   1     5    18.124646       4.0144188       11.802844       27.832513    
   1     6    18.124646       4.0144188       11.802844       27.832513    

          Population Estimates of { Phi(~1)p(~1)pent(~1)N(~1) }
                                                95% Confidence Interval
 Grp. Occ.     N-hat         Standard Error      Lower           Upper
 ---- ----   --------------  --------------  --------------  --------------
   1     1    3.5983753       3.8122129       0.6571788       19.702863    
   1     2    20.818689       5.3577039       12.673441       34.198907    
   1     3    33.711249       8.7937956       20.387949       55.741177    
   1     4    43.363691       12.751585       24.659700       76.254363    
   1     5    50.590313       16.834752       26.804918       95.481722    
   1     6    56.000762       20.772632       27.705595       113.19322    
   1     7    60.051475       24.395617       27.915093       129.18387    

       Gross Population Estimates of { Phi(~1)p(~1)pent(~1)N(~1) }
                                                95% Confidence Interval
 Grp. Occ.     N*-hat        Standard Error      Lower           Upper
 ---- ----   --------------  --------------  --------------  --------------
   1     0    128.84235       28.552448       83.883927       197.89669    

 To compute parameter estimates, CPU Time was 0.001 secs and System Time was 0.015 secs.

Program  MARK  - Survival Rate Estimation with Capture-Recapture Data
 gfortran(dble/PIM2) Vers. 11.1 Nov 2024   6-May-2025 11:15:49    Page  005
 - - - - - - - - - - - - - - - - - - - - - - - - - - - - - - - - - - - - - -
 

 For procedure estimate CPU Time was 0.047 secs and System Time was 0.047 secs.
 INPUT --- proc stop;

 For this job, CPU Time in mins was 0.001 and System Time in mins was 0.001.

     Time Start = 11:15:49.549   Time End = 11:15:49.608

 Wall Clock Time in mins for this job was 0.001.

 Maximum of 20 words used.


          E X E C U T I O N   S U C C E S S F U L
