
 Program  MARK  - Survival Rate Estimation with Capture-Recapture Data
 gfortran(dble/PIM2) Vers. 11.1 Nov 2024   6-May-2025 11:15:49    Page  001
  
 - - - - - - - - - - - - - - - - - - - - - - - - - - - - - - - - - - - - - -
 
 Welcome to MARK Tanner on machine TANNERS-LAPTOP in subdirectory 
 "C:\Users\Tanner\OneDrive - Michigan Technological University\PhD\EMR" running file "mark014.inp".
 This version was compiled by GCC version 14.2.0 using the options: 
  -cpp -iprefix C:/tdm-gcc-64/mingw64-14-2/bin/../lib/gcc/
  x86_64-w64-mingw32/14.2.0/ -D_MT -D_REENTRANT -U_REENTRANT -D
  dbleprecision -m64 -march=x86-64 -mtune=generic -mthreads -O3 -std=f2023
  -fimplicit-none -ftree-vectorize
  -ffpe-summary=invalid,zero,overflow,underflow -funroll-loops
  -fno-unsafe-math-optimizations -frounding-math -fsignaling-nans
  -fall-intrinsics -fopenmp

 This problem will use 7 of 8 possible threads.
 Static thread allocation is used.
 INPUT --- proc title ;

 For procedure title CPU Time was 0.001 secs and System Time was 0.001 secs.
 INPUT --- proc chmatrix occasions= 7 groups= 1 etype= POPAN Nodes= 
 INPUT --- 101 ICMeans NoHist hist= 9 ;
 INPUT ---    time interval 1 1 1 1 1 1 ;
 INPUT ---    glabel(1)=Group 1;

      Number of unique encounter histories read was 9.

      Number of individual covariates read was 0.
      Time interval lengths are all equal to 1.

      Data type number is 19
      Data type is POPAN

 For procedure chmatrix CPU Time was 0.001 secs and System Time was 0.001 secs.

Program  MARK  - Survival Rate Estimation with Capture-Recapture Data
 gfortran(dble/PIM2) Vers. 11.1 Nov 2024   6-May-2025 11:15:49    Page  002
 - - - - - - - - - - - - - - - - - - - - - - - - - - - - - - - - - - - - - -
 


 INPUT --- proc estimate link=Parm-Specific NOLOOP varest=2ndPart    ;
 INPUT --- model={ Phi(~1)p(~1)pent(~1)N(~1) };
 INPUT ---    group=1 Phi    rows=1 cols=6 Square ;
 INPUT ---        1 1 1 1 1 1 ;
 INPUT ---    group=1 p    rows=1 cols=7 Square ;
 INPUT ---        2 2 2 2 2 2 2 ;
 INPUT ---    group=1 pent    rows=1 cols=6 Square ;
 INPUT ---        4 5 6 7 8 9 ;
 INPUT ---    group=1 N    rows=1 cols=1 Square ;
 INPUT ---        3 ;
 INPUT ---    design matrix constraints=9 covariates=4;
 INPUT ---        1 0 0 0;
 INPUT ---        0 1 0 0;
 INPUT ---        0 0 0 1;
 INPUT ---        0 0 1 0;
 INPUT ---        0 0 1 0;
 INPUT ---        0 0 1 0;
 INPUT ---        0 0 1 0;
 INPUT ---        0 0 1 0;
 INPUT ---        0 0 1 0;
 INPUT ---    links=9;
 INPUT ---       Logit;
 INPUT ---       Logit;
 INPUT ---       Log;
 INPUT ---       mlogit(1);
 INPUT ---       mlogit(1);
 INPUT ---       mlogit(1);
 INPUT ---       mlogit(1);
 INPUT ---       mlogit(1);
 INPUT ---       mlogit(1);
 INPUT ---       blabel(1)=Phi:(Intercept);
 INPUT ---       blabel(2)=p:(Intercept);
 INPUT ---       blabel(3)=pent:(Intercept);
 INPUT ---       blabel(4)=N:(Intercept);
 INPUT ---       rlabel(1)=Phi g1 a0 t1;
 INPUT ---       rlabel(2)=p g1 a0 t1;
 INPUT ---       rlabel(3)=N g1 a0 t1;
 INPUT ---       rlabel(4)=pent g1 a1 t2;
 INPUT ---       rlabel(5)=pent g1 a2 t3;
 INPUT ---       rlabel(6)=pent g1 a3 t4;
 INPUT ---       rlabel(7)=pent g1 a4 t5;
 INPUT ---       rlabel(8)=pent g1 a5 t6;
 INPUT ---       rlabel(9)=pent g1 a6 t7;
   Model is { Phi(~1)p(~1)pent(~1)N(~1) }

Program  MARK  - Survival Rate Estimation with Capture-Recapture Data
 gfortran(dble/PIM2) Vers. 11.1 Nov 2024   6-May-2025 11:15:49    Page  003
 - - - - - - - - - - - - - - - - - - - - - - - - - - - - - - - - - - - - - -
 

 Link Function Used is PARM-SPECIFIC

 Variance Estimation Procedure Used is 2ndPart 

 M(t+1):
      31

 Group 1 = Group 1

 U(t)+UL(t):
       0    5    0    8   10    5    3

 U(t):
       0    5    0    8   10    5    3

 UL(t):
       0    0    0    0    0    0    0

 Not Released(t):
       0    0    0    0    0    0    0


 -2logL(saturated) = 122.57452     
 Effective Sample Size = 37

 Number of function evaluations was 38 for 4 parameters.
 For numerical optimization, CPU Time was 0.078 secs and System Time was 0.015 secs.
 -2logL { Phi(~1)p(~1)pent(~1)N(~1) } = 69.707221     
 Penalty { Phi(~1)p(~1)pent(~1)N(~1) } = 0.0000000     
 Gradient { Phi(~1)p(~1)pent(~1)N(~1) }:
 -2.32792E-06   0.0000       0.0000      1.37392E-06
 Maximum ABS(G) { Phi(~1)p(~1)pent(~1)N(~1) } =  2.32792E-06
 To compute VC matrix, CPU Time was 0.001 secs and System Time was 0.001 secs.
 S Vector { Phi(~1)p(~1)pent(~1)N(~1) }:
   29.40327      4.294727     0.2171196     0.5078754E-09
 To invert VC matrix, CPU Time was 0.001 secs and System Time was 0.001 secs.
 Ratio Threshold = 50.00 Max Gap (3/4) = 4.2751E+8 Next Max Gap (2/3) = 19.78
 Gap Method for Num. of Estimated Parameters { Phi(~1)p(~1)pent(~1)N(~1) } = 3          
 Threshold { Phi(~1)p(~1)pent(~1)N(~1) } = 0.4655845E-05           
 Numerical Threshold Method for Num. of Estimated Parameters { Phi(~1)p(~1)pent(~1)N(~1) } = 3          
 Number of Estimated Parameters { Phi(~1)p(~1)pent(~1)N(~1) } = 3          
 DEVIANCE { Phi(~1)p(~1)pent(~1)N(~1) } = -52.867299              
 DEVIANCE Degrees of Freedom { Phi(~1)p(~1)pent(~1)N(~1) } = 6          
 c-hat { Phi(~1)p(~1)pent(~1)N(~1) } = -8.8112165              
 AIC { Phi(~1)p(~1)pent(~1)N(~1) } = 75.707221               
 AICc { Phi(~1)p(~1)pent(~1)N(~1) } = 76.434494               
 BIC { Phi(~1)p(~1)pent(~1)N(~1) } = 80.539975               
 Pearson Chisquare { Phi(~1)p(~1)pent(~1)N(~1) } = 8.8988998               
 Possible Encounter Histories { Phi(~1)p(~1)pent(~1)N(~1) } = 127          
 Pearson Chisquare df { Phi(~1)p(~1)pent(~1)N(~1) } = 123          
 Pearson chat { Phi(~1)p(~1)pent(~1)N(~1) } = 0.0723488               
 Sum(Observed/Expected) { Phi(~1)p(~1)pent(~1)N(~1) } = 15.517247               
 s-bar { Phi(~1)p(~1)pent(~1)N(~1) } = -0.8847838              
 Fletcher chat { Phi(~1)p(~1)pent(~1)N(~1) } = 0.6279390               

Program  MARK  - Survival Rate Estimation with Capture-Recapture Data
 gfortran(dble/PIM2) Vers. 11.1 Nov 2024   6-May-2025 11:15:49    Page  004
 - - - - - - - - - - - - - - - - - - - - - - - - - - - - - - - - - - - - - -
 
         PARM-SPECIFIC Link Function Parameters of { Phi(~1)p(~1)pent(~1)N(~1) }
                                                              95% Confidence Interval
    Parameter                  Beta         Standard Error     Lower           Upper
 -------------------------  --------------  --------------  --------------  --------------
    1:Phi:(Intercept)       -0.6386703       0.8814869      -2.3663847       1.0890441    
    2:p:(Intercept)         -0.0883196       1.4946596      -3.0178525       2.8412133    
    3:pent:(Intercept)       22.402673       0.0000000       22.402673       22.402673    
    4:N:(Intercept)          3.1647690       1.3643937       0.4905573       5.8389806    


                Real Function Parameters of { Phi(~1)p(~1)pent(~1)N(~1) }
                                                               95% Confidence Interval
     Parameter                Estimate       Standard Error     Lower           Upper
 --------------------------  --------------  --------------  --------------  --------------
     1:Phi g1 a0 t1           0.3455472       0.1993433       0.0857722       0.7482017       
     2:p g1 a0 t1             0.4779344       0.3729372       0.0466258       0.9448627       
     3:N g1 a0 t1             54.683272       32.313307       34.174202       207.70499       
     4:pent g1 a1 t2          0.1666667       0.0000000       0.1666667       0.1666667       
     5:pent g1 a2 t3          0.1666667       0.0000000       0.1666667       0.1666667       
     6:pent g1 a3 t4          0.1666667       0.0000000       0.1666667       0.1666667       
     7:pent g1 a4 t5          0.1666667       0.0000000       0.1666667       0.1666667       
     8:pent g1 a5 t6          0.1666667       0.0000000       0.1666667       0.1666667       
     9:pent g1 a6 t7          0.1666667       0.0000000       0.1666667       0.1666667       


                     Estimates of Derived Parameters

    Gross Birth+Immigration Estimates of { Phi(~1)p(~1)pent(~1)N(~1) }
                                                95% Confidence Interval
 Grp. Occ.     B*-hat        Standard Error      Lower           Upper
 ---- ----   --------------  --------------  --------------  --------------
   1     1    14.798080       6.3671513       6.5976733       33.190969    
   1     2    14.798080       6.3671513       6.5976733       33.190969    
   1     3    14.798080       6.3671513       6.5976733       33.190969    
   1     4    14.798080       6.3671513       6.5976733       33.190969    
   1     5    14.798080       6.3671513       6.5976733       33.190969    
   1     6    14.798080       6.3671513       6.5976733       33.190969    

     Net Birth+Immigration Estimates of { Phi(~1)p(~1)pent(~1)N(~1) }
                                                95% Confidence Interval
 Grp. Occ.     B-hat         Standard Error      Lower           Upper
 ---- ----   --------------  --------------  --------------  --------------
   1     1    9.1138787       5.3855598       3.1178893       26.640710    
   1     2    9.1138787       5.3855598       3.1178893       26.640710    
   1     3    9.1138787       5.3855598       3.1178893       26.640710    
   1     4    9.1138787       5.3855598       3.1178893       26.640710    
   1     5    9.1138787       5.3855598       3.1178893       26.640710    
   1     6    9.1138787       5.3855598       3.1178893       26.640710    

          Population Estimates of { Phi(~1)p(~1)pent(~1)N(~1) }
                                                95% Confidence Interval
 Grp. Occ.     N-hat         Standard Error      Lower           Upper
 ---- ----   --------------  --------------  --------------  --------------
   1     1    0.1699594E-08   0.0000000       0.1699594E-08   0.1699594E-08
   1     2    9.1138787       5.3855597       3.1178893       26.640710    
   1     3    12.263154       8.7441514       3.4901732       43.088103    
   1     4    13.351377       10.473772       3.4359257       51.881001    
   1     5    13.727409       11.270660       3.3617344       56.054925    
   1     6    13.857346       11.614682       3.3170720       57.890226    
   1     7    13.902246       11.757161       3.2948746       58.658511    

       Gross Population Estimates of { Phi(~1)p(~1)pent(~1)N(~1) }
                                                95% Confidence Interval
 Grp. Occ.     N*-hat        Standard Error      Lower           Upper
 ---- ----   --------------  --------------  --------------  --------------
   1     0    88.788480       38.202908       39.586040       199.14582    

 To compute parameter estimates, CPU Time was 0.001 secs and System Time was 0.016 secs.

Program  MARK  - Survival Rate Estimation with Capture-Recapture Data
 gfortran(dble/PIM2) Vers. 11.1 Nov 2024   6-May-2025 11:15:49    Page  005
 - - - - - - - - - - - - - - - - - - - - - - - - - - - - - - - - - - - - - -
 

 Attempted ordering of parameters by estimatibility:
  2 1 4 3
 Beta number 3 is a singular value.

 For procedure estimate CPU Time was 0.109 secs and System Time was 0.062 secs.
 INPUT --- proc stop;

 For this job, CPU Time in mins was 0.002 and System Time in mins was 0.002.

     Time Start = 11:15:49.877   Time End = 11:15:49.956

 Wall Clock Time in mins for this job was 0.001.

 Maximum of 20 words used.


          E X E C U T I O N   S U C C E S S F U L
